2026-01-27 00:47:20.706 [main] INFO  c.f.k.KakaoMapSchedulerApplication - Starting KakaoMapSchedulerApplication using Java 18.0.2.1 with PID 28024 (D:\GithubProject\food-scheduler-backend\build\classes\java\main started by User in D:\GithubProject\food-scheduler-backend)
2026-01-27 00:47:20.734 [main] DEBUG c.f.k.KakaoMapSchedulerApplication - Running with Spring Boot v3.1.5, Spring v6.0.13
2026-01-27 00:47:20.735 [main] INFO  c.f.k.KakaoMapSchedulerApplication - No active profile set, falling back to 1 default profile: "default"
2026-01-27 00:47:21.482 [main] INFO  o.s.d.r.c.RepositoryConfigurationDelegate - Bootstrapping Spring Data JPA repositories in DEFAULT mode.
2026-01-27 00:47:21.657 [main] INFO  o.s.d.r.c.RepositoryConfigurationDelegate - Finished Spring Data repository scanning in 167 ms. Found 2 JPA repository interfaces.
2026-01-27 00:47:22.214 [main] INFO  o.s.b.w.e.tomcat.TomcatWebServer - Tomcat initialized with port(s): 8080 (http)
2026-01-27 00:47:22.232 [main] INFO  o.a.catalina.core.StandardService - Starting service [Tomcat]
2026-01-27 00:47:22.232 [main] INFO  o.a.catalina.core.StandardEngine - Starting Servlet engine: [Apache Tomcat/10.1.15]
2026-01-27 00:47:22.343 [main] INFO  o.a.c.c.C.[Tomcat].[localhost].[/] - Initializing Spring embedded WebApplicationContext
2026-01-27 00:47:22.344 [main] INFO  o.s.b.w.s.c.ServletWebServerApplicationContext - Root WebApplicationContext: initialization completed in 1557 ms
2026-01-27 00:47:22.502 [main] INFO  o.h.jpa.internal.util.LogHelper - HHH000204: Processing PersistenceUnitInfo [name: default]
2026-01-27 00:47:22.576 [main] INFO  org.hibernate.Version - HHH000412: Hibernate ORM core version 6.2.13.Final
2026-01-27 00:47:22.582 [main] INFO  org.hibernate.cfg.Environment - HHH000406: Using bytecode reflection optimizer
2026-01-27 00:47:22.915 [main] INFO  o.s.o.j.p.SpringPersistenceUnitInfo - No LoadTimeWeaver setup: ignoring JPA class transformer
2026-01-27 00:47:22.942 [main] INFO  com.zaxxer.hikari.HikariDataSource - HikariPool-1 - Starting...
2026-01-27 00:47:23.435 [main] INFO  com.zaxxer.hikari.pool.HikariPool - HikariPool-1 - Added connection org.postgresql.jdbc.PgConnection@20c3b34b
2026-01-27 00:47:23.437 [main] INFO  com.zaxxer.hikari.HikariDataSource - HikariPool-1 - Start completed.
2026-01-27 00:47:23.480 [main] WARN  org.hibernate.orm.deprecation - HHH90000025: PostgreSQLDialect does not need to be specified explicitly using 'hibernate.dialect' (remove the property setting and it will be selected by default)
2026-01-27 00:47:24.417 [main] INFO  o.h.e.t.j.p.i.JtaPlatformInitiator - HHH000489: No JTA platform available (set 'hibernate.transaction.jta.platform' to enable JTA platform integration)
2026-01-27 00:47:24.573 [main] INFO  o.s.o.j.LocalContainerEntityManagerFactoryBean - Initialized JPA EntityManagerFactory for persistence unit 'default'
2026-01-27 00:47:24.824 [main] INFO  o.s.d.j.r.query.QueryEnhancerFactory - Hibernate is in classpath; If applicable, HQL parser will be used.
2026-01-27 00:47:25.169 [main] WARN  o.s.b.a.o.j.JpaBaseConfiguration$JpaWebConfiguration - spring.jpa.open-in-view is enabled by default. Therefore, database queries may be performed during view rendering. Explicitly configure spring.jpa.open-in-view to disable this warning
2026-01-27 00:47:25.480 [main] INFO  o.s.b.w.e.tomcat.TomcatWebServer - Tomcat started on port(s): 8080 (http) with context path ''
2026-01-27 00:47:25.491 [main] INFO  c.f.k.KakaoMapSchedulerApplication - Started KakaoMapSchedulerApplication in 5.245 seconds (process running for 6.096)
2026-01-27 00:47:25.641 [scheduling-1] INFO  c.f.k.service.KakaoMapService - 격자 탐색 시작: 한화미래기술연구소, Rect: 127.106019,37.402246,127.109557,37.405056
2026-01-27 00:47:26.790 [scheduling-1] INFO  c.f.k.service.KakaoMapService - 격자 탐색 시작: 유스페이스B동, Rect: 127.105822,37.401996,127.108090,37.403798
2026-01-27 00:47:27.276 [scheduling-1] INFO  c.f.k.service.KakaoMapService - 격자 탐색 시작: H스퀘어, Rect: 127.107682,37.400890,127.109724,37.402512
2026-01-27 00:47:27.807 [scheduling-1] INFO  c.f.k.service.KakaoMapService - 데이터 초과로 영역 분할: 127.107682,37.400890,127.109724,37.402512
2026-01-27 00:47:28.518 [scheduling-1] INFO  c.f.k.service.KakaoMapService - 격자 탐색 시작: 삼환하이펙스, Rect: 127.109323,37.400800,127.111591,37.402602
2026-01-27 00:47:29.006 [scheduling-1] INFO  c.f.k.service.KakaoMapService - 데이터 초과로 영역 분할: 127.109323,37.400800,127.111591,37.402602
2026-01-27 00:47:29.690 [scheduling-1] INFO  c.f.k.service.KakaoMapService - 격자 탐색 시작: 코트야드 메리어트 서울 판교, Rect: 127.109179,37.396264,127.111447,37.398066
2026-01-27 00:47:30.123 [scheduling-1] INFO  c.f.k.service.KakaoMapService - 격자 탐색 시작: 골드타워, Rect: 127.110538,37.396268,127.113282,37.398448
2026-01-27 00:47:30.597 [scheduling-1] INFO  c.f.k.service.KakaoMapService - 데이터 초과로 영역 분할: 127.110538,37.396268,127.113282,37.398448
2026-01-27 00:47:31.883 [scheduling-1] INFO  c.f.k.service.KakaoMapService - 격자 탐색 시작: 아비뉴프랑, Rect: 127.112301,37.396465,127.114795,37.398447
2026-01-27 00:47:32.366 [scheduling-1] INFO  c.f.k.service.KakaoMapService - 데이터 초과로 영역 분할: 127.112301,37.396465,127.114795,37.398447
2026-01-27 00:47:33.131 [scheduling-1] INFO  c.f.k.service.KakaoMapService - 격자 탐색 시작: 롯데마트 판교점, Rect: 127.112545,37.394760,127.114495,37.396310
2026-01-27 00:47:33.384 [scheduling-1] INFO  c.f.k.service.KakaoMapService - 격자 탐색 시작: 판교역 4번출구, Rect: 127.109592,37.394648,127.111452,37.396126
2026-01-27 00:47:33.480 [scheduling-1] INFO  c.f.k.service.KakaoMapService - 격자 탐색 시작: 판교역 1번출구, Rect: 127.111007,37.394606,127.113049,37.396228
2026-01-27 00:47:33.754 [scheduling-1] INFO  c.f.k.service.KakaoMapService - 격자 탐색 시작: 판교역 3번출구, Rect: 127.109580,37.393655,127.111190,37.394935
2026-01-27 00:47:33.888 [scheduling-1] INFO  c.f.k.service.KakaoMapService - 격자 탐색 시작: 판교역 2번출구, Rect: 127.111195,37.393663,127.112963,37.395069
2026-01-27 00:47:34.007 [scheduling-1] INFO  c.f.k.service.KakaoMapService - 격자 탐색 시작: 알파리움 1단지, Rect: 127.107068,37.394591,127.109382,37.396429
2026-01-27 00:47:34.264 [scheduling-1] INFO  c.f.k.service.KakaoMapService - 격자 탐색 시작: 알파리움 2단지, Rect: 127.107925,37.393128,127.109763,37.394588
2026-01-27 00:47:34.499 [scheduling-1] INFO  c.f.k.service.KakaoMapService - 격자 탐색 시작: 힐스테이트 판교역, Rect: 127.109103,37.391778,127.111393,37.393598
2026-01-27 00:47:34.772 [scheduling-1] INFO  c.f.k.service.KakaoMapService - 격자 탐색 시작: 현대백화점_1, Rect: 127.111251,37.392934,127.112091,37.393600
2026-01-27 00:47:34.893 [scheduling-1] INFO  c.f.k.service.KakaoMapService - 격자 탐색 시작: 현대백화점_2, Rect: 127.111716,37.392907,127.112646,37.393645
2026-01-27 00:47:35.146 [scheduling-1] INFO  c.f.k.service.KakaoMapService - 격자 탐색 시작: 현대백화점_4, Rect: 127.111902,37.392439,127.112696,37.393069
2026-01-27 00:47:35.606 [scheduling-1] INFO  c.f.k.service.KakaoMapService - 데이터 초과로 영역 분할: 127.111902,37.392439,127.112696,37.393069
2026-01-27 00:47:36.431 [scheduling-1] INFO  c.f.k.service.KakaoMapService - 격자 탐색 시작: 현대백화점_5, Rect: 127.111346,37.391843,127.112322,37.392617
2026-01-27 00:47:36.820 [scheduling-1] INFO  c.f.k.service.KakaoMapService - 격자 탐색 시작: 현대백화점_6, Rect: 127.111909,37.391871,127.112771,37.392555
2026-01-27 00:47:37.061 [scheduling-1] INFO  c.f.k.service.KakaoMapService - 격자 탐색 시작: 송현초교 사거리, Rect: 127.114641,37.403190,127.116909,37.404992
2026-01-27 00:47:37.210 [scheduling-1] INFO  c.f.k.service.KakaoMapService - 격자 탐색 시작: 현대백화점_3, Rect: 127.111458,37.392480,127.112184,37.393056
2026-01-27 00:47:37.613 [scheduling-1] INFO  c.f.k.service.KakaoMapService - 격자 탐색 시작: 유스페이스A동_1, Rect: 127.106023,37.400895,127.106477,37.401255
2026-01-27 00:47:37.682 [scheduling-1] INFO  c.f.k.service.KakaoMapService - 격자 탐색 시작: 유스페이스A동_2, Rect: 127.106161,37.400561,127.106615,37.400921
2026-01-27 00:47:37.744 [scheduling-1] INFO  c.f.k.service.KakaoMapService - 격자 탐색 시작: 유스페이스A동_3, Rect: 127.106490,37.400633,127.106944,37.400993
2026-01-27 00:47:37.811 [scheduling-1] INFO  c.f.k.service.KakaoMapService - 격자 탐색 시작: 유스페이스A동_4, Rect: 127.106224,37.400417,127.106678,37.400777
2026-01-27 00:47:37.921 [scheduling-1] INFO  c.f.k.service.KakaoMapService - 격자 탐색 시작: 유스페이스A동_5, Rect: 127.106534,37.400488,127.106988,37.400848
2026-01-27 00:47:38.052 [scheduling-1] INFO  c.f.k.service.KakaoMapService - 격자 탐색 시작: 유스페이스A동_6, Rect: 127.106314,37.400222,127.106768,37.400582
2026-01-27 00:47:38.194 [scheduling-1] INFO  c.f.k.service.KakaoMapService - 격자 탐색 시작: 유스페이스A동_7, Rect: 127.106645,37.400233,127.107099,37.400593
2026-01-27 00:47:38.659 [scheduling-1] INFO  c.f.k.service.KakaoMapService - 데이터 초과로 영역 분할: 127.106645,37.400233,127.107099,37.400593
2026-01-27 00:47:39.284 [scheduling-1] INFO  c.f.k.service.KakaoMapService - 격자 탐색 시작: 유스페이스A동_8, Rect: 127.106524,37.400030,127.106978,37.400390
2026-01-27 00:47:39.414 [scheduling-1] INFO  c.f.k.service.KakaoMapService - 격자 탐색 시작: 유스페이스A동_9, Rect: 127.106765,37.400053,127.107219,37.400413
2026-01-27 00:47:39.554 [scheduling-1] INFO  c.f.k.service.KakaoMapService - 격자 탐색 시작: 유스페이스A동_10, Rect: 127.107139,37.400034,127.107593,37.400394
2026-01-27 00:47:39.630 [scheduling-1] INFO  c.f.k.service.KakaoMapService - 격자 탐색 시작: 유스페이스A동_11, Rect: 127.106451,37.400886,127.106905,37.401246
2026-01-27 00:47:39.696 [scheduling-1] INFO  c.f.k.service.KakaoMapService - 격자 탐색 시작: 유스페이스A동_12, Rect: 127.106781,37.400907,127.107235,37.401267
2026-01-27 00:47:39.762 [scheduling-1] INFO  c.f.k.service.KakaoMapService - 격자 탐색 시작: 유스페이스A동_13, Rect: 127.106761,37.400485,127.107215,37.400845
2026-01-27 00:47:39.839 [scheduling-1] INFO  c.f.k.service.KakaoMapService - 격자 탐색 시작: 유스페이스A동_14, Rect: 127.107028,37.401052,127.107482,37.401412
2026-01-27 00:47:39.912 [scheduling-1] INFO  c.f.k.service.KakaoMapService - 격자 탐색 시작: 유스페이스A동_15, Rect: 127.107247,37.401054,127.107701,37.401414
2026-01-27 00:47:39.991 [scheduling-1] INFO  c.f.k.service.KakaoMapService - 격자 탐색 시작: 유스페이스A동_16, Rect: 127.107262,37.400822,127.107716,37.401182
2026-01-27 00:47:40.086 [scheduling-1] INFO  c.f.k.service.KakaoMapService - 격자 탐색 시작: 유스페이스A동_17, Rect: 127.107002,37.400798,127.107456,37.401158
2026-01-27 00:47:40.191 [scheduling-1] INFO  c.f.k.service.KakaoMapService - 격자 탐색 시작: 유스페이스A동_18, Rect: 127.107275,37.400803,127.107729,37.401163
2026-01-27 00:47:40.282 [scheduling-1] INFO  c.f.k.service.KakaoMapService - 격자 탐색 시작: 유스페이스A동_19, Rect: 127.106996,37.400618,127.107450,37.400978
2026-01-27 00:47:40.372 [scheduling-1] INFO  c.f.k.service.KakaoMapService - 격자 탐색 시작: 유스페이스A동_20, Rect: 127.107264,37.400638,127.107718,37.400998
2026-01-27 00:47:40.452 [scheduling-1] INFO  c.f.k.service.KakaoMapService - 격자 탐색 시작: 유스페이스B동_1, Rect: 127.107182,37.400878,127.107522,37.401148
2026-01-27 00:47:40.541 [scheduling-1] INFO  c.f.k.scheduler.KakaoPlaceScheduler - 음식점 검색 끝. 1133개 장소 검색함
2026-01-27 00:47:40.541 [scheduling-1] INFO  c.f.k.scheduler.KakaoPlaceScheduler - 오늘 검색되지 않는 업체 삭제
2026-01-27 00:47:40.544 [scheduling-1] DEBUG c.f.k.service.KakaoMapService - 오래된 FD6(으)로 분류된 장소 삭제 중...
2026-01-27 00:47:40.569 [scheduling-1] DEBUG c.f.k.service.KakaoMapService - 오래된 FD6(으)로 분류된 장소 삭제 완료
2026-01-27 00:47:40.576 [scheduling-1] INFO  c.f.k.scheduler.KakaoPlaceScheduler - 오늘 검색되지 않는 업체 삭제 완료
2026-01-27 00:48:00.539 [SpringApplicationShutdownHook] INFO  o.s.o.j.LocalContainerEntityManagerFactoryBean - Closing JPA EntityManagerFactory for persistence unit 'default'
2026-01-27 00:48:00.542 [SpringApplicationShutdownHook] INFO  com.zaxxer.hikari.HikariDataSource - HikariPool-1 - Shutdown initiated...
